<?xml version="1.0" encoding="UTF-8"?>
<!-- Generated by org.testng.reporters.JUnitReportReporter -->
<testsuite hostname="L-FIbied" failures="0" tests="1" name="FunctionalTest" time="2.904" errors="0" timestamp="2022-04-28T00:33:52 EEST" skipped="0">
  <testcase classname="FunctionalTest" name="test1" time="2.904"/>
  <system-out/>
</testsuite> <!-- FunctionalTest -->
